  ConsoleApplication1.c
D:\univer\сем_3\АОКТ\laba_3\Лабораторная №3_2020\HeaderFiles\Template\pci_c_header.h(2360,61): warning C4129: E: неизвестная escape-последовательность
D:\univer\сем_3\АОКТ\laba_3\Лабораторная №3_2020\HeaderFiles\Template\pci_c_header.h(5331,25): warning C4129: E: неизвестная escape-последовательность
D:\univer\сем_3\АОКТ\laba_3\Лабораторная №3_2020\HeaderFiles\Template\pci_c_header.h(2010,1): warning C4305: инициализация: усечение из "int" в "unsigned short"
D:\univer\сем_3\АОКТ\laba_3\Лабораторная №3_2020\HeaderFiles\Template\pci_c_header.h(2348,1): warning C4305: инициализация: усечение из "int" в "unsigned short"
D:\univer\сем_3\АОКТ\laba_3\Лабораторная №3_2020\HeaderFiles\Template\pci_c_header.h(2408,1): warning C4305: инициализация: усечение из "__int64" в "unsigned short"
D:\univer\сем_3\АОКТ\laba_3\Лабораторная №3_2020\HeaderFiles\Template\pci_c_header.h(2409,1): warning C4305: инициализация: усечение из "int" в "unsigned short"
D:\univer\сем_3\АОКТ\laba_3\Лабораторная №3_2020\HeaderFiles\Template\pci_c_header.h(2513,1): warning C4305: инициализация: усечение из "int" в "unsigned short"
D:\univer\сем_3\АОКТ\laba_3\Лабораторная №3_2020\HeaderFiles\Template\pci_c_header.h(2514,1): warning C4305: инициализация: усечение из "int" в "unsigned short"
D:\univer\сем_3\АОКТ\laba_3\Лабораторная №3_2020\HeaderFiles\Template\pci_c_header.h(2515,1): warning C4305: инициализация: усечение из "int" в "unsigned short"
D:\univer\сем_3\АОКТ\laba_3\Лабораторная №3_2020\HeaderFiles\Template\pci_c_header.h(2517,1): warning C4305: инициализация: усечение из "int" в "unsigned short"
D:\univer\сем_3\АОКТ\laba_3\Лабораторная №3_2020\HeaderFiles\Template\pci_c_header.h(2666,1): warning C4305: инициализация: усечение из "__int64" в "unsigned short"
D:\univer\сем_3\АОКТ\laba_3\Лабораторная №3_2020\HeaderFiles\Template\pci_c_header.h(2760,1): warning C4305: инициализация: усечение из "int" в "unsigned short"
D:\univer\сем_3\АОКТ\laba_3\Лабораторная №3_2020\HeaderFiles\Template\pci_c_header.h(2838,1): warning C4305: инициализация: усечение из "int" в "unsigned short"
D:\univer\сем_3\АОКТ\laba_3\Лабораторная №3_2020\HeaderFiles\Template\pci_c_header.h(3296,1): warning C4305: инициализация: усечение из "int" в "unsigned short"
D:\univer\сем_3\АОКТ\laba_3\Лабораторная №3_2020\HeaderFiles\Template\pci_c_header.h(3336,1): warning C4305: инициализация: усечение из "int" в "unsigned short"
D:\univer\сем_3\АОКТ\laba_3\Лабораторная №3_2020\HeaderFiles\Template\pci_c_header.h(3337,1): warning C4305: инициализация: усечение из "int" в "unsigned short"
D:\univer\сем_3\АОКТ\laba_3\Лабораторная №3_2020\HeaderFiles\Template\pci_c_header.h(3338,1): warning C4305: инициализация: усечение из "int" в "unsigned short"
D:\univer\сем_3\АОКТ\laba_3\Лабораторная №3_2020\HeaderFiles\Template\pci_c_header.h(3350,1): warning C4305: инициализация: усечение из "int" в "unsigned short"
D:\univer\сем_3\АОКТ\laba_3\Лабораторная №3_2020\HeaderFiles\Template\pci_c_header.h(3362,1): warning C4305: инициализация: усечение из "int" в "unsigned short"
D:\univer\сем_3\АОКТ\laba_3\Лабораторная №3_2020\HeaderFiles\Template\pci_c_header.h(3403,1): warning C4305: инициализация: усечение из "int" в "unsigned short"
D:\univer\сем_3\АОКТ\laba_3\Лабораторная №3_2020\HeaderFiles\Template\pci_c_header.h(3867,1): warning C4305: инициализация: усечение из "int" в "unsigned short"
D:\univer\сем_3\АОКТ\laba_3\Лабораторная №3_2020\HeaderFiles\Template\pci_c_header.h(3870,1): warning C4305: инициализация: усечение из "int" в "unsigned short"
D:\univer\сем_3\АОКТ\laba_3\Лабораторная №3_2020\HeaderFiles\Template\pci_c_header.h(3937,1): warning C4305: инициализация: усечение из "int" в "unsigned short"
D:\univer\сем_3\АОКТ\laba_3\Лабораторная №3_2020\HeaderFiles\Template\pci_c_header.h(3938,1): warning C4305: инициализация: усечение из "int" в "unsigned short"
D:\univer\сем_3\АОКТ\laba_3\Лабораторная №3_2020\HeaderFiles\Template\pci_c_header.h(3939,1): warning C4305: инициализация: усечение из "int" в "unsigned short"
D:\univer\сем_3\АОКТ\laba_3\Лабораторная №3_2020\HeaderFiles\Template\pci_c_header.h(3949,1): warning C4305: инициализация: усечение из "int" в "unsigned short"
D:\univer\сем_3\АОКТ\laba_3\Лабораторная №3_2020\HeaderFiles\Template\pci_c_header.h(3952,1): warning C4305: инициализация: усечение из "int" в "unsigned short"
D:\univer\сем_3\АОКТ\laba_3\Лабораторная №3_2020\HeaderFiles\Template\pci_c_header.h(4182,1): warning C4305: инициализация: усечение из "int" в "unsigned short"
D:\univer\сем_3\АОКТ\laba_3\Лабораторная №3_2020\HeaderFiles\Template\pci_c_header.h(5153,1): warning C4305: инициализация: усечение из "int" в "unsigned short"
D:\univer\сем_3\АОКТ\laba_3\Лабораторная №3_2020\HeaderFiles\Template\pci_c_header.h(5158,1): warning C4305: инициализация: усечение из "int" в "unsigned short"
D:\univer\сем_3\АОКТ\laba_3\Лабораторная №3_2020\HeaderFiles\Template\pci_c_header.h(5435,1): warning C4305: инициализация: усечение из "int" в "unsigned short"
D:\univer\сем_3\АОКТ\laba_3\Лабораторная №3_2020\HeaderFiles\Template\pci_c_header.h(5755,1): warning C4305: инициализация: усечение из "int" в "unsigned short"
D:\univer\сем_3\АОКТ\laba_3\Лабораторная №3_2020\HeaderFiles\Template\pci_c_header.h(6045,1): warning C4305: инициализация: усечение из "int" в "unsigned short"
D:\univer\сем_3\АОКТ\laba_3\Лабораторная №3_2020\HeaderFiles\Template\pci_c_header.h(6439,1): warning C4305: инициализация: усечение из "int" в "unsigned short"
D:\univer\сем_3\АОКТ\laba_3\Лабораторная №3_2020\HeaderFiles\Template\pci_c_header.h(7167,1): warning C4305: инициализация: усечение из "int" в "unsigned short"
D:\univer\сем_3\АОКТ\laba_3\Лабораторная №3_2020\HeaderFiles\Template\pci_c_header.h(7360,1): warning C4305: инициализация: усечение из "unsigned int" в "unsigned short"
D:\univer\сем_3\АОКТ\laba_3\Лабораторная №3_2020\HeaderFiles\Template\pci_c_header.h(7807,1): warning C4305: инициализация: усечение из "int" в "unsigned short"
  ConsoleApplication1.vcxproj -> D:\univer\сем_3\АОКТ\laba_3\Лабораторная №3_2020\HeaderFiles\Template\Debug\ConsoleApplication1.exe
